<?xml version="1.0" encoding="UTF-8"?>
<!-- Generated by org.testng.reporters.JUnitReportReporter -->
<testsuite hostname="DESKTOP-BQVJBV1" failures="0" tests="1" name="firstPackage.pranathiFirstProject.HomePage" time="18.171" errors="0" timestamp="11 Mar 2019 20:57:35 GMT" skipped="0">
  <testcase classname="firstPackage.pranathiFirstProject.HomePage" name="basePageNavigation" time="18.171"/>
</testsuite> <!-- firstPackage.pranathiFirstProject.HomePage -->
